  main.cpp
  ShaderLoader.cpp
g:\uni\2019\opengl\summartive 1\summative1\merry go round\opengl\shaderloader.cpp(47): warning C4267: 'initializing': conversion from 'size_t' to 'int', possible loss of data
g:\uni\2019\opengl\summartive 1\summative1\merry go round\opengl\shaderloader.cpp(47): warning C4267: 'initializing': conversion from 'size_t' to 'const int', possible loss of data
  Generating Code...
main.obj : error LNK2019: unresolved external symbol __imp_glewInit referenced in function main
main.obj : error LNK2019: unresolved external symbol __imp_glutInitWindowPosition referenced in function main
main.obj : error LNK2019: unresolved external symbol __imp_glutInitWindowSize referenced in function main
main.obj : error LNK2019: unresolved external symbol __imp_glutInitDisplayMode referenced in function main
main.obj : error LNK2019: unresolved external symbol __imp_glutMainLoop referenced in function main
main.obj : error LNK2019: unresolved external symbol __imp_glutPostRedisplay referenced in function "void __cdecl Update(void)" (?Update@@YAXXZ)
main.obj : error LNK2019: unresolved external symbol __imp_glutSwapBuffers referenced in function "void __cdecl Render(void)" (?Render@@YAXXZ)
main.obj : error LNK2019: unresolved external symbol __imp_glutIdleFunc referenced in function main
main.obj : error LNK2019: unresolved external symbol __imp_glutDisplayFunc referenced in function main
main.obj : error LNK2019: unresolved external symbol __imp_glutGet referenced in function "void __cdecl Update(void)" (?Update@@YAXXZ)
main.obj : error LNK2019: unresolved external symbol __imp___glutInitWithExit referenced in function glutInit_ATEXIT_HACK
main.obj : error LNK2019: unresolved external symbol __imp___glutCreateWindowWithExit referenced in function glutCreateWindow_ATEXIT_HACK
main.obj : error LNK2019: unresolved external symbol SOIL_load_image referenced in function main
main.obj : error LNK2019: unresolved external symbol SOIL_free_image_data referenced in function main
main.obj : error LNK2001: unresolved external symbol __imp___glewActiveTexture
main.obj : error LNK2001: unresolved external symbol __imp___glewBindBuffer
main.obj : error LNK2001: unresolved external symbol __imp___glewBufferData
main.obj : error LNK2001: unresolved external symbol __imp___glewGenBuffers
main.obj : error LNK2001: unresolved external symbol __imp___glewEnableVertexAttribArray
main.obj : error LNK2001: unresolved external symbol __imp___glewGetUniformLocation
main.obj : error LNK2001: unresolved external symbol __imp___glewUniform1f
main.obj : error LNK2001: unresolved external symbol __imp___glewUniform1i
main.obj : error LNK2001: unresolved external symbol __imp___glewUseProgram
main.obj : error LNK2001: unresolved external symbol __imp___glewVertexAttribPointer
main.obj : error LNK2001: unresolved external symbol __imp___glewGenerateMipmap
main.obj : error LNK2001: unresolved external symbol __imp___glewBindVertexArray
main.obj : error LNK2001: unresolved external symbol __imp___glewGenVertexArrays
ShaderLoader.obj : error LNK2001: unresolved external symbol __imp___glewAttachShader
ShaderLoader.obj : error LNK2001: unresolved external symbol __imp___glewCompileShader
ShaderLoader.obj : error LNK2001: unresolved external symbol __imp___glewCreateProgram
ShaderLoader.obj : error LNK2001: unresolved external symbol __imp___glewCreateShader
ShaderLoader.obj : error LNK2001: unresolved external symbol __imp___glewGetProgramInfoLog
ShaderLoader.obj : error LNK2001: unresolved external symbol __imp___glewGetProgramiv
ShaderLoader.obj : error LNK2001: unresolved external symbol __imp___glewGetShaderInfoLog
ShaderLoader.obj : error LNK2001: unresolved external symbol __imp___glewGetShaderiv
ShaderLoader.obj : error LNK2001: unresolved external symbol __imp___glewLinkProgram
ShaderLoader.obj : error LNK2001: unresolved external symbol __imp___glewShaderSource
G:\UNI\2019\OPENGL\Summartive 1\Summative1\Merry Go Round\OpenGL\\Depends\freeglut\freeglut.lib : warning LNK4272: library machine type 'x86' conflicts with target machine type 'x64'
G:\UNI\2019\OPENGL\Summartive 1\Summative1\Merry Go Round\OpenGL\\Depends\glew\glew32.lib : warning LNK4272: library machine type 'x86' conflicts with target machine type 'x64'
G:\UNI\2019\OPENGL\Summartive 1\Summative1\Merry Go Round\OpenGL\\Depends\soil\SOIL.lib : warning LNK4272: library machine type 'x86' conflicts with target machine type 'x64'
G:\UNI\2019\OPENGL\Summartive 1\Summative1\Merry Go Round\OpenGL\\Depends\freeglut\freeglutd.lib : warning LNK4272: library machine type 'x86' conflicts with target machine type 'x64'
G:\UNI\2019\OPENGL\Summartive 1\Summative1\Merry Go Round\x64\Debug\OpenGL.exe : fatal error LNK1120: 37 unresolved externals
